<?xml version="1.0" encoding="UTF-8"?>
<!-- Generated by org.testng.reporters.JUnitXMLReporter -->
<testsuite hostname="TYSS-4F-029" name="Test" tests="6" failures="0" timestamp="8 Nov 2017 06:46:22 GMT" time="401.109" errors="0">
  <testcase name="testAccessories" time="20.205" classname="Scripts.Accessories"/>
  <testcase name="testMousehover_overdrive" time="20.848" classname="Scripts.Mousehover_overdrive"/>
  <testcase name="testChangePasswor" time="105.608" classname="Scripts.ChangePassword"/>
  <testcase name="testverifyaddress" time="144.026" classname="Scripts.VerifyAddress"/>
  <testcase name="testloginlougout" time="22.17" classname="Scripts.Loginlogout"/>
  <testcase name="testInvalidLogin" time="19.645" classname="Scripts.InvalidLogin"/>
</testsuite> <!-- Test -->
